mode: set
github.com/joostvdg/cmg/pkg/mapgen/map_by_code_generator.go:8.63,17.41 8 0
github.com/joostvdg/cmg/pkg/mapgen/map_by_code_generator.go:32.2,33.14 2 0
github.com/joostvdg/cmg/pkg/mapgen/map_by_code_generator.go:17.41,19.17 2 0
github.com/joostvdg/cmg/pkg/mapgen/map_by_code_generator.go:24.3,24.37 1 0
github.com/joostvdg/cmg/pkg/mapgen/map_by_code_generator.go:29.3,30.43 2 0
github.com/joostvdg/cmg/pkg/mapgen/map_by_code_generator.go:19.17,21.12 2 0
github.com/joostvdg/cmg/pkg/mapgen/map_by_code_generator.go:24.37,28.4 3 0
github.com/joostvdg/cmg/pkg/mapgen/map_generation_request.go:19.106,31.25 4 0
github.com/joostvdg/cmg/pkg/mapgen/map_generation_request.go:37.2,48.38 8 0
github.com/joostvdg/cmg/pkg/mapgen/map_generation_request.go:59.2,79.21 8 0
github.com/joostvdg/cmg/pkg/mapgen/map_generation_request.go:31.25,33.3 1 0
github.com/joostvdg/cmg/pkg/mapgen/map_generation_request.go:33.8,33.32 1 0
github.com/joostvdg/cmg/pkg/mapgen/map_generation_request.go:33.32,35.3 1 0
github.com/joostvdg/cmg/pkg/mapgen/map_generation_request.go:48.38,50.43 2 0
github.com/joostvdg/cmg/pkg/mapgen/map_generation_request.go:53.3,56.40 4 0
github.com/joostvdg/cmg/pkg/mapgen/map_generation_request.go:50.43,52.4 1 0
github.com/joostvdg/cmg/pkg/mapgen/map_generation_request.go:82.110,86.12 3 0
github.com/joostvdg/cmg/pkg/mapgen/map_generation_request.go:90.2,109.19 5 0
github.com/joostvdg/cmg/pkg/mapgen/map_generation_request.go:86.12,88.3 1 0
github.com/joostvdg/cmg/pkg/mapgen/map_generation_request.go:109.19,111.17 2 0
github.com/joostvdg/cmg/pkg/mapgen/map_generation_request.go:114.3,119.24 6 0
github.com/joostvdg/cmg/pkg/mapgen/map_generation_request.go:111.17,113.4 1 0
github.com/joostvdg/cmg/pkg/mapgen/map_generation_request.go:119.24,121.4 1 0
github.com/joostvdg/cmg/pkg/mapgen/map_generation_request.go:122.8,124.3 1 0
github.com/joostvdg/cmg/pkg/mapgen/map_generation_request.go:127.30,130.12 3 0
github.com/joostvdg/cmg/pkg/mapgen/map_generation_request.go:135.2,136.17 2 0
github.com/joostvdg/cmg/pkg/mapgen/map_generation_request.go:140.2,141.21 2 0
github.com/joostvdg/cmg/pkg/mapgen/map_generation_request.go:144.2,150.24 3 0
github.com/joostvdg/cmg/pkg/mapgen/map_generation_request.go:183.2,183.11 1 0
github.com/joostvdg/cmg/pkg/mapgen/map_generation_request.go:130.12,132.3 1 0
github.com/joostvdg/cmg/pkg/mapgen/map_generation_request.go:136.17,138.3 1 0
github.com/joostvdg/cmg/pkg/mapgen/map_generation_request.go:141.21,143.3 1 0
github.com/joostvdg/cmg/pkg/mapgen/map_generation_request.go:150.24,152.3 1 0
github.com/joostvdg/cmg/pkg/mapgen/map_generation_request.go:152.8,154.17 2 0
github.com/joostvdg/cmg/pkg/mapgen/map_generation_request.go:157.3,162.24 6 0
github.com/joostvdg/cmg/pkg/mapgen/map_generation_request.go:166.3,169.17 3 0
github.com/joostvdg/cmg/pkg/mapgen/map_generation_request.go:173.3,177.17 3 0
github.com/joostvdg/cmg/pkg/mapgen/map_generation_request.go:180.3,180.35 1 0
github.com/joostvdg/cmg/pkg/mapgen/map_generation_request.go:154.17,156.4 1 0
github.com/joostvdg/cmg/pkg/mapgen/map_generation_request.go:162.24,164.4 1 0
github.com/joostvdg/cmg/pkg/mapgen/map_generation_request.go:169.17,171.4 1 0
github.com/joostvdg/cmg/pkg/mapgen/map_generation_request.go:177.17,179.4 1 0
github.com/joostvdg/cmg/pkg/mapgen/map_generator.go:16.76,20.11 3 0
github.com/joostvdg/cmg/pkg/mapgen/map_generator.go:24.2,25.25 2 0
github.com/joostvdg/cmg/pkg/mapgen/map_generator.go:32.2,35.37 4 0
github.com/joostvdg/cmg/pkg/mapgen/map_generator.go:50.2,53.39 1 0
github.com/joostvdg/cmg/pkg/mapgen/map_generator.go:20.11,22.3 1 0
github.com/joostvdg/cmg/pkg/mapgen/map_generator.go:25.25,27.3 1 0
github.com/joostvdg/cmg/pkg/mapgen/map_generator.go:27.8,27.32 1 0
github.com/joostvdg/cmg/pkg/mapgen/map_generator.go:27.32,30.3 2 0
github.com/joostvdg/cmg/pkg/mapgen/map_generator.go:35.37,37.39 2 0
github.com/joostvdg/cmg/pkg/mapgen/map_generator.go:48.3,48.25 1 0
github.com/joostvdg/cmg/pkg/mapgen/map_generator.go:37.39,38.48 1 0
github.com/joostvdg/cmg/pkg/mapgen/map_generator.go:43.4,46.51 4 0
github.com/joostvdg/cmg/pkg/mapgen/map_generator.go:38.48,42.5 3 0
github.com/joostvdg/cmg/pkg/mapgen/map_generator.go:56.59,57.40 1 1
github.com/joostvdg/cmg/pkg/mapgen/map_generator.go:57.40,63.3 3 0
github.com/joostvdg/cmg/pkg/mapgen/map_generator.go:68.76,73.13 5 1
github.com/joostvdg/cmg/pkg/mapgen/map_generator.go:82.2,94.15 6 1
github.com/joostvdg/cmg/pkg/mapgen/map_generator.go:73.13,74.30 1 0
github.com/joostvdg/cmg/pkg/mapgen/map_generator.go:74.30,80.4 1 0
github.com/joostvdg/cmg/pkg/mapgen/map_generator.go:97.95,99.40 2 1
github.com/joostvdg/cmg/pkg/mapgen/map_generator.go:107.2,107.54 1 1
github.com/joostvdg/cmg/pkg/mapgen/map_generator.go:99.40,105.3 5 1
github.com/joostvdg/cmg/pkg/mapgen/map_generator.go:110.58,123.2 10 1
github.com/joostvdg/cmg/pkg/mapgen/map_generator.go:125.81,128.37 3 1
github.com/joostvdg/cmg/pkg/mapgen/map_generator.go:139.2,140.14 2 1
github.com/joostvdg/cmg/pkg/mapgen/map_generator.go:128.37,137.3 3 1
github.com/joostvdg/cmg/pkg/mapgen/map_generator.go:143.67,148.39 5 1
github.com/joostvdg/cmg/pkg/mapgen/map_generator.go:159.2,159.49 1 1
github.com/joostvdg/cmg/pkg/mapgen/map_generator.go:148.39,149.44 1 1
github.com/joostvdg/cmg/pkg/mapgen/map_generator.go:153.3,156.30 4 1
github.com/joostvdg/cmg/pkg/mapgen/map_generator.go:149.44,151.12 2 1
github.com/joostvdg/cmg/pkg/mapgen/map_generator.go:162.108,169.58 6 1
github.com/joostvdg/cmg/pkg/mapgen/map_generator.go:184.2,185.21 2 1
github.com/joostvdg/cmg/pkg/mapgen/map_generator.go:169.58,171.36 2 1
github.com/joostvdg/cmg/pkg/mapgen/map_generator.go:177.3,178.14 2 1
github.com/joostvdg/cmg/pkg/mapgen/map_generator.go:171.36,176.4 4 1
github.com/joostvdg/cmg/pkg/mapgen/map_generator.go:178.14,181.4 2 0
github.com/joostvdg/cmg/pkg/mapgen/map_generator.go:188.73,195.50 6 1
github.com/joostvdg/cmg/pkg/mapgen/map_generator.go:202.2,203.23 2 1
github.com/joostvdg/cmg/pkg/mapgen/map_generator.go:195.50,200.3 4 1
github.com/joostvdg/cmg/pkg/mapgen/map_generator.go:206.66,209.50 3 1
github.com/joostvdg/cmg/pkg/mapgen/map_generator.go:212.2,212.15 1 1
github.com/joostvdg/cmg/pkg/mapgen/map_generator.go:209.50,211.3 1 1
github.com/joostvdg/cmg/pkg/mapgen/map_generator.go:215.65,217.51 2 1
github.com/joostvdg/cmg/pkg/mapgen/map_generator.go:222.2,222.20 1 1
github.com/joostvdg/cmg/pkg/mapgen/map_generator.go:217.51,218.32 1 1
github.com/joostvdg/cmg/pkg/mapgen/map_generator.go:218.32,220.4 1 1
github.com/joostvdg/cmg/pkg/webserver/get_map.go:11.35,17.16 4 1
github.com/joostvdg/cmg/pkg/webserver/get_map.go:21.2,21.23 1 1
github.com/joostvdg/cmg/pkg/webserver/get_map.go:24.2,24.40 1 1
github.com/joostvdg/cmg/pkg/webserver/get_map.go:17.16,19.3 1 0
github.com/joostvdg/cmg/pkg/webserver/get_map.go:21.23,23.3 1 1
github.com/joostvdg/cmg/pkg/webserver/get_map_by_code.go:17.43,37.19 10 1
github.com/joostvdg/cmg/pkg/webserver/get_map_by_code.go:64.2,77.21 5 1
github.com/joostvdg/cmg/pkg/webserver/get_map_by_code.go:80.2,80.42 1 1
github.com/joostvdg/cmg/pkg/webserver/get_map_by_code.go:38.10,40.14 2 0
github.com/joostvdg/cmg/pkg/webserver/get_map_by_code.go:41.10,45.17 3 1
github.com/joostvdg/cmg/pkg/webserver/get_map_by_code.go:48.3,48.24 1 1
github.com/joostvdg/cmg/pkg/webserver/get_map_by_code.go:49.10,51.14 2 0
github.com/joostvdg/cmg/pkg/webserver/get_map_by_code.go:52.10,56.17 3 0
github.com/joostvdg/cmg/pkg/webserver/get_map_by_code.go:59.3,59.24 1 0
github.com/joostvdg/cmg/pkg/webserver/get_map_by_code.go:60.10,61.81 1 1
github.com/joostvdg/cmg/pkg/webserver/get_map_by_code.go:45.17,47.4 1 1
github.com/joostvdg/cmg/pkg/webserver/get_map_by_code.go:56.17,58.4 1 0
github.com/joostvdg/cmg/pkg/webserver/get_map_by_code.go:77.21,79.3 1 0
github.com/joostvdg/cmg/pkg/webserver/get_map_by_code.go:83.105,85.58 2 1
github.com/joostvdg/cmg/pkg/webserver/get_map_by_code.go:94.2,99.21 3 1
github.com/joostvdg/cmg/pkg/webserver/get_map_by_code.go:102.2,102.50 1 1
github.com/joostvdg/cmg/pkg/webserver/get_map_by_code.go:85.58,86.43 1 0
github.com/joostvdg/cmg/pkg/webserver/get_map_by_code.go:86.43,91.4 4 0
github.com/joostvdg/cmg/pkg/webserver/get_map_by_code.go:99.21,101.3 1 0
github.com/joostvdg/cmg/pkg/webserver/get_map_code.go:15.39,20.16 4 0
github.com/joostvdg/cmg/pkg/webserver/get_map_code.go:24.2,26.23 2 0
github.com/joostvdg/cmg/pkg/webserver/get_map_code.go:29.2,29.41 1 0
github.com/joostvdg/cmg/pkg/webserver/get_map_code.go:20.16,22.3 1 0
github.com/joostvdg/cmg/pkg/webserver/get_map_code.go:26.23,28.3 1 0
github.com/joostvdg/cmg/pkg/webserver/get_map_code.go:36.52,55.23 10 0
github.com/joostvdg/cmg/pkg/webserver/get_map_code.go:58.2,58.40 1 0
github.com/joostvdg/cmg/pkg/webserver/get_map_code.go:55.23,57.3 1 0
github.com/joostvdg/cmg/pkg/webserver/get_map_legend.go:12.41,18.50 5 1
github.com/joostvdg/cmg/pkg/webserver/get_map_legend.go:23.2,25.44 3 1
github.com/joostvdg/cmg/pkg/webserver/get_map_legend.go:30.2,35.21 2 1
github.com/joostvdg/cmg/pkg/webserver/get_map_legend.go:38.2,38.40 1 1
github.com/joostvdg/cmg/pkg/webserver/get_map_legend.go:18.50,21.3 2 1
github.com/joostvdg/cmg/pkg/webserver/get_map_legend.go:25.44,28.3 2 1
github.com/joostvdg/cmg/pkg/webserver/get_map_legend.go:35.21,37.3 1 1
github.com/joostvdg/cmg/pkg/webserver/handle_request_errors.go:17.105,18.58 1 0
github.com/joostvdg/cmg/pkg/webserver/handle_request_errors.go:27.2,34.23 4 0
github.com/joostvdg/cmg/pkg/webserver/handle_request_errors.go:37.2,37.52 1 0
github.com/joostvdg/cmg/pkg/webserver/handle_request_errors.go:18.58,19.43 1 0
github.com/joostvdg/cmg/pkg/webserver/handle_request_errors.go:19.43,24.4 4 0
github.com/joostvdg/cmg/pkg/webserver/handle_request_errors.go:34.23,36.3 1 0
github.com/joostvdg/cmg/pkg/webserver/process_parameters.go:12.93,14.26 2 1
github.com/joostvdg/cmg/pkg/webserver/process_parameters.go:17.2,18.16 2 0
github.com/joostvdg/cmg/pkg/webserver/process_parameters.go:21.2,21.17 1 0
github.com/joostvdg/cmg/pkg/webserver/process_parameters.go:14.26,16.3 1 1
github.com/joostvdg/cmg/pkg/webserver/process_parameters.go:18.16,20.3 1 0
github.com/joostvdg/cmg/pkg/webserver/process_parameters.go:24.61,27.30 3 1
github.com/joostvdg/cmg/pkg/webserver/process_parameters.go:31.2,40.30 9 1
github.com/joostvdg/cmg/pkg/webserver/process_parameters.go:51.2,65.14 2 1
github.com/joostvdg/cmg/pkg/webserver/process_parameters.go:27.30,29.3 1 1
github.com/joostvdg/cmg/pkg/webserver/process_parameters.go:40.30,49.3 8 1
github.com/joostvdg/cmg/pkg/webserver/process_parameters.go:68.66,76.26 7 1
github.com/joostvdg/cmg/pkg/webserver/process_parameters.go:80.2,80.30 1 1
github.com/joostvdg/cmg/pkg/webserver/process_parameters.go:84.2,93.20 2 1
github.com/joostvdg/cmg/pkg/webserver/process_parameters.go:76.26,78.3 1 1
github.com/joostvdg/cmg/pkg/webserver/process_parameters.go:80.30,82.3 1 0
